<?xml version="1.0" encoding="UTF-8"?>
<!-- Generated by org.testng.reporters.JUnitReportReporter -->
<testsuite skipped="0" hostname="WKWIN3708308" name="com.automation.JavascriptExecutorExample" tests="1" failures="0" timestamp="21 Mar 2019 07:17:22 GMT" time="12.522" errors="0">
  <testcase name="test" time="12.522" classname="com.automation.JavascriptExecutorExample"/>
</testsuite> <!-- com.automation.JavascriptExecutorExample -->
